<?xml version="1.0" encoding="UTF-8"?>
<!-- Generated by org.testng.reporters.JUnitXMLReporter -->
<testsuite ignored="6" hostname="TYSS-Chaithra" failures="2" tests="2" name="Test" time="26.285" errors="0" timestamp="2022-11-11T11:49:02 IST">
  <testcase classname="vTiger.ContactsTests.CreateContactTest" name="createContactWithLaedSource" time="0.018">
    <failure type="java.lang.AssertionError" message="null">
      <![CDATA[java.lang.AssertionError: null
at vTiger.ContactsTests.CreateContactTest.createContactWithLaedSource(CreateContactTest.java:71)
at java.base/java.util.ArrayList.forEach(ArrayList.java:1541)
... Removed 29 stack frames]]>
    </failure>
  </testcase> <!-- createContactWithLaedSource -->
  <testcase classname="vTiger.ContactsTests.CreateContactWithOrganizationTest" name="createContactWithOrgTest" time="9.441">
    <failure type="java.lang.AssertionError" message="null">
      <![CDATA[java.lang.AssertionError: null
at vTiger.ContactsTests.CreateContactWithOrganizationTest.createContactWithOrgTest(CreateContactWithOrganizationTest.java:64)
at java.base/java.util.ArrayList.forEach(ArrayList.java:1541)
... Removed 29 stack frames]]>
    </failure>
  </testcase> <!-- createContactWithOrgTest -->
  <testcase classname="vTiger.GenericLibrary.BaseClass" name="@BeforeSuite bsConfig" time="0.0">
    <ignored/>
  </testcase> <!-- @BeforeSuite bsConfig -->
  <testcase classname="vTiger.GenericLibrary.BaseClass" name="@AfterSuite asConfig" time="0.0">
    <ignored/>
  </testcase> <!-- @AfterSuite asConfig -->
  <testcase classname="vTiger.ContactsTests.CreateContactTest" name="createContactDemotest" time="0.0">
    <ignored/>
  </testcase> <!-- createContactDemotest -->
  <testcase classname="vTiger.GenericLibrary.BaseClass" name="@AfterTest acConfig" time="0.0">
    <ignored/>
  </testcase> <!-- @AfterTest acConfig -->
  <testcase classname="vTiger.ContactsTests.CreateContactTest" name="createContactWithLeadSourceAndOrg" time="0.0">
    <ignored/>
  </testcase> <!-- createContactWithLeadSourceAndOrg -->
  <testcase classname="vTiger.ContactsTests.CreateContactTest" name="createContactTest" time="0.0">
    <ignored/>
  </testcase> <!-- createContactTest -->
</testsuite> <!-- Test -->
