<?xml version="1.0" encoding="UTF-8"?>
<testng-results ignored="0" total="1" passed="1" failed="0" skipped="0">
  <reporter-output>
  </reporter-output>
  <suite started-at="2022-11-17T10:56:46 IST" name="Default suite" finished-at="2022-11-17T10:56:46 IST" duration-ms="33">
    <groups>
    </groups>
    <test started-at="2022-11-17T10:56:46 IST" name="Default test" finished-at="2022-11-17T10:56:46 IST" duration-ms="33">
      <class name="vTiger.Practice.ReadDataFromCmdLineTest">
        <test-method signature="readData()[pri:0, instance:vTiger.Practice.ReadDataFromCmdLineTest@1af2d44a]" started-at="2022-11-17T10:56:46 IST" name="readData" finished-at="2022-11-17T10:56:46 IST" duration-ms="6" status="PASS">
          <reporter-output>
          </reporter-output>
        </test-method> <!-- readData -->
      </class> <!-- vTiger.Practice.ReadDataFromCmdLineTest -->
    </test> <!-- Default test -->
  </suite> <!-- Default suite -->
</testng-results>
